<?xml version="1.0" encoding="UTF-8"?>
<!-- Generated by org.testng.reporters.JUnitXMLReporter -->
<testsuite ignored="0" hostname="TY-SHWETHA-M" failures="0" tests="1" name="test-runner-1" time="15.616" errors="0" timestamp="2023-01-11T14:57:43 IST">
  <testcase classname="com.Vtiger.genericUtility.BaseClass" name="@BeforeClass configBC" time="15.534">
    <failure type="java.lang.NullPointerException" message="Cannot invoke &amp;quot;org.openqa.selenium.WebDriver.manage()&amp;quot; because &amp;quot;driver&amp;quot; is null">
      <![CDATA[java.lang.NullPointerException: Cannot invoke "org.openqa.selenium.WebDriver.manage()" because "driver" is null
at com.Vtiger.genericUtility.WebDriverUtility.maxiMizewindow(WebDriverUtility.java:23)
at com.Vtiger.genericUtility.BaseClass.configBC(BaseClass.java:59)
at java.base/java.util.ArrayList.forEach(ArrayList.java:1511)
at java.base/java.util.concurrent.FutureTask.run(FutureTask.java:264)
at java.base/java.util.concurrent.ThreadPoolExecutor.runWorker(ThreadPoolExecutor.java:1136)
at java.base/java.util.concurrent.ThreadPoolExecutor$Worker.run(ThreadPoolExecutor.java:635)
at java.base/java.lang.Thread.run(Thread.java:833)
... Removed 16 stack frames]]>
    </failure>
  </testcase> <!-- @BeforeClass configBC -->
  <testcase classname="com.Vtiger.genericUtility.BaseClass" name="@BeforeMethod configBM" time="-1.673429263105E9">
    <skipped/>
  </testcase> <!-- @BeforeMethod configBM -->
  <testcase classname="com.Vtiger.genericUtility.BaseClass" name="@AfterMethod confiAM" time="-1.673429263125E9">
    <skipped/>
  </testcase> <!-- @AfterMethod confiAM -->
  <testcase classname="com.Vtiger.genericUtility.BaseClass" name="@AfterClass configAC" time="-1.67342926313E9">
    <skipped/>
  </testcase> <!-- @AfterClass configAC -->
  <testcase classname="practice.CreateOrgUsingBaseClassTest" name="creatOrg" time="0.0">
    <skipped/>
  </testcase> <!-- creatOrg -->
</testsuite> <!-- test-runner-1 -->
