<?xml version="1.0" encoding="UTF-8"?>
<!-- Generated by org.testng.reporters.JUnitReportReporter -->
<testsuite hostname="TY-SHWETHA-M" failures="0" tests="1" name="com.Vtiger.organizationTest.CreateOrgUsingBaseClassTest" time="42.536" errors="0" timestamp="2023-01-16T14:52:08 IST" skipped="0">
  <testcase classname="com.Vtiger.organizationTest.CreateOrgUsingBaseClassTest" name="creatOrg" time="42.536"/>
  <system-out>
    <![CDATA[creatOrg-----> Testscript execution started
creatOrg----->Testscript execution successful]]>
  </system-out>
</testsuite> <!-- com.Vtiger.organizationTest.CreateOrgUsingBaseClassTest -->
