<?xml version="1.0" encoding="UTF-8"?>
<!-- Generated by org.testng.reporters.JUnitReportReporter -->
<testsuite hostname="TY-SHWETHA-M" failures="0" tests="3" name="practice.Practice_DataProvider" time="0.017" errors="0" timestamp="2023-01-06T16:10:36 IST" skipped="0">
  <testcase classname="practice.Practice_DataProvider" name="travel" time="0.003"/>
  <system-out/>
  <testcase classname="practice.Practice_DataProvider" name="travel" time="0.012"/>
  <system-out/>
  <testcase classname="practice.Practice_DataProvider" name="travel" time="0.002"/>
  <system-out/>
</testsuite> <!-- practice.Practice_DataProvider -->
