<?xml version="1.0" encoding="UTF-8"?>
<!-- Generated by org.testng.reporters.JUnitReportReporter -->
<testsuite hostname="TY-SHWETHA-M" failures="0" tests="2" name="practice.TestScript_02" time="0.002" errors="0" timestamp="2023-01-16T17:15:58 IST" skipped="0">
  <testcase classname="practice.TestScript_02" name="script03" time="0.001"/>
  <system-out/>
  <testcase classname="practice.TestScript_02" name="script04" time="0.001"/>
  <system-out/>
</testsuite> <!-- practice.TestScript_02 -->
