<?xml version="1.0" encoding="UTF-8"?>
<!-- Generated by org.testng.reporters.JUnitReportReporter -->
<testsuite hostname="TY-SHWETHA-M" failures="0" tests="1" name="practice.TestScript_01" time="0.006" errors="0" timestamp="2023-01-16T17:15:58 IST" skipped="0">
  <testcase classname="practice.TestScript_01" name="script02" time="0.006"/>
  <system-out/>
</testsuite> <!-- practice.TestScript_01 -->
