<?xml version="1.0" encoding="UTF-8"?>
<!-- Generated by org.testng.reporters.JUnitReportReporter -->
<testsuite hostname="TY-SHWETHA-M" failures="0" tests="3" name="practice.Annotation" time="0.018" errors="0" timestamp="2023-01-10T12:55:02 IST" skipped="0">
  <testcase classname="practice.Annotation" name="CreateOrg" time="0.008"/>
  <system-out/>
  <testcase classname="practice.Annotation" name="CreateContact" time="0.007"/>
  <system-out/>
  <testcase classname="practice.Annotation" name="CreateContact" time="0.003"/>
  <system-out/>
</testsuite> <!-- practice.Annotation -->
