<?xml version="1.0" encoding="UTF-8"?>
<!-- Generated by org.testng.reporters.JUnitReportReporter -->
<testsuite hostname="TY-SHWETHA-M" failures="0" tests="2" name="practice.TestScript_04" time="0.014" errors="0" timestamp="2023-01-10T15:57:51 IST" skipped="0">
  <testcase classname="practice.TestScript_04" name="script08" time="0.002"/>
  <system-out/>
  <testcase classname="practice.TestScript_04" name="script07" time="0.012"/>
  <system-out/>
</testsuite> <!-- practice.TestScript_04 -->
