<?xml version="1.0" encoding="UTF-8"?>
<!-- Generated by org.testng.reporters.JUnitReportReporter -->
<testsuite hostname="TY-SHWETHA-M" failures="0" tests="4" name="practice.DataProviderTest" time="0.006" errors="0" timestamp="2023-01-10T12:55:02 IST" skipped="0">
  <testcase classname="practice.DataProviderTest" name="readData" time="0.001"/>
  <system-out/>
  <testcase classname="practice.DataProviderTest" name="readData" time="0.001"/>
  <system-out/>
  <testcase classname="practice.DataProviderTest" name="readData" time="0.002"/>
  <system-out/>
  <testcase classname="practice.DataProviderTest" name="readData" time="0.002"/>
  <system-out/>
</testsuite> <!-- practice.DataProviderTest -->
